<?xml version="1.0" encoding="UTF-8"?>
<!-- Generated by org.testng.reporters.JUnitReportReporter -->
<testsuite hostname="DESKTOP-0N88LAP" failures="0" tests="3" name="com.qa.testNGDemo.TC_FundTransfer_001" time="0.022" errors="0" timestamp="2022-02-05T20:49:34 IST" skipped="0">
  <testcase classname="com.qa.testNGDemo.TC_FundTransfer_001" name="fundTransferIMPS" time="0.012"/>
  <system-out/>
  <testcase classname="com.qa.testNGDemo.TC_FundTransfer_001" name="fundTransferNEFT" time="0.004"/>
  <system-out/>
  <testcase classname="com.qa.testNGDemo.TC_FundTransfer_001" name="fundTransferInternational" time="0.006"/>
  <system-out/>
</testsuite> <!-- com.qa.testNGDemo.TC_FundTransfer_001 -->
