<?xml version="1.0" encoding="UTF-8"?>
<!-- Generated by org.testng.reporters.JUnitReportReporter -->
<testsuite hostname="DESKTOP-0N88LAP" failures="0" tests="1" name="com.qa.testscripts.TC_Amazon_002" time="5.551" errors="0" timestamp="2022-02-12T20:50:13 IST" skipped="0">
  <testcase classname="com.qa.testscripts.TC_Amazon_002" name="registration" time="5.551"/>
  <system-out>
User is navigated to registration page  </system-out>
</testsuite> <!-- com.qa.testscripts.TC_Amazon_002 -->
