<?xml version="1.0" encoding="UTF-8"?>
<!-- Generated by org.testng.reporters.JUnitReportReporter -->
<testsuite hostname="DESKTOP-0N88LAP" failures="0" tests="1" name="com.qa.testNGDemo.TC_CCBillPayment_003" time="0.006" errors="0" timestamp="2022-02-05T20:49:34 IST" skipped="0">
  <testcase classname="com.qa.testNGDemo.TC_CCBillPayment_003" name="CCBillPayment" time="0.006"/>
  <system-out/>
</testsuite> <!-- com.qa.testNGDemo.TC_CCBillPayment_003 -->
