<?xml version="1.0" encoding="UTF-8"?>
<!-- Generated by org.testng.reporters.JUnitReportReporter -->
<testsuite hostname="DESKTOP-0N88LAP" failures="0" tests="1" name="com.qa.testNGDemo.TC_UtilityBillPayment_002" time="0.008" errors="0" timestamp="2022-02-05T20:49:34 IST" skipped="0">
  <testcase classname="com.qa.testNGDemo.TC_UtilityBillPayment_002" name="UtilityBillPayment" time="0.008"/>
  <system-out/>
</testsuite> <!-- com.qa.testNGDemo.TC_UtilityBillPayment_002 -->
